<?xml version="1.0" encoding="UTF-8"?>
<!-- Generated by org.testng.reporters.JUnitXMLReporter -->
<testsuite ignored="0" hostname="LAPTOP-53DNU0NV" failures="0" tests="8" name="Test" time="116.708" errors="0" timestamp="2022-05-24T17:36:11 IST">
  <testcase classname="Vtiger.VtigerTask_Script" name="@BeforeMethod login" time="81.191">
    <failure type="org.openqa.selenium.TimeoutException" message="Expected condition failed: waiting for visibility of Proxy element for: DefaultElementLocator &amp;apos;By.id: username&amp;apos; (tried for 60 second(s) with 500 milliseconds interval)">
      <![CDATA[org.openqa.selenium.TimeoutException: Expected condition failed: waiting for visibility of Proxy element for: DefaultElementLocator 'By.id: username' (tried for 60 second(s) with 500 milliseconds interval)
at org.openqa.selenium.support.ui.WebDriverWait.timeoutException(WebDriverWait.java:113)
at org.openqa.selenium.support.ui.FluentWait.until(FluentWait.java:283)
at utilities.MySeleniumUtility.waitForElementDisplayed(MySeleniumUtility.java:234)
at utilities.MySeleniumUtility.typeInput(MySeleniumUtility.java:73)
at Vtiger.LoginPage_POM.loginIntoVtiger(LoginPage_POM.java:28)
at Vtiger.VtigerTask_Script.login(VtigerTask_Script.java:26)
at java.base/java.util.ArrayList.forEach(ArrayList.java:1511)
Caused by: org.openqa.selenium.NoSuchElementException: no such element: Unable to locate element: {"method":"css selector","selector":"#username"}
  (Session info: MicrosoftEdge=101.0.1210.53)
For documentation on this error, please visit: http://seleniumhq.org/exceptions/no_such_element.html
Build info: version: '3.14.0', revision: 'aacccce0', time: '2018-08-02T20:19:58.91Z'
System info: host: 'LAPTOP-53DNU0NV', ip: '192.168.0.106', os.name: 'Windows 10', os.arch: 'amd64', os.version: '10.0', java.version: '17.0.1'
Driver info: org.openqa.selenium.edge.EdgeDriver
Capabilities {acceptInsecureCerts: false, browserName: msedge, browserVersion: 101.0.1210.53, javascriptEnabled: true, ms:edgeOptions: {debuggerAddress: localhost:57142}, msedge: {msedgedriverVersion: 101.0.1210.53 (019dbf6dd738..., userDataDir: C:\Users\kumbh\AppData\Loca...}, networkConnectionEnabled: false, pageLoadStrategy: normal, platform: WINDOWS, platformName: WINDOWS, proxy: Proxy(), setWindowRect: true, strictFileInteractability: false, timeouts: {implicit: 0, pageLoad: 300000, script: 30000}, unhandledPromptBehavior: dismiss and notify, webauthn:extension:credBlob: true, webauthn:extension:largeBlob: true, webauthn:virtualAuthenticators: true}
Session ID: a2b1fe7f2847131c8ea99ed0691315ce
*** Element info: {Using=id, value=username}
at org.openqa.selenium.remote.http.W3CHttpResponseCodec.createException(W3CHttpResponseCodec.java:187)
at org.openqa.selenium.remote.http.W3CHttpResponseCodec.decode(W3CHttpResponseCodec.java:122)
at org.openqa.selenium.remote.http.W3CHttpResponseCodec.decode(W3CHttpResponseCodec.java:49)
at org.openqa.selenium.remote.HttpCommandExecutor.execute(HttpCommandExecutor.java:158)
at org.openqa.selenium.remote.service.DriverCommandExecutor.execute(DriverCommandExecutor.java:83)
at org.openqa.selenium.remote.RemoteWebDriver.execute(RemoteWebDriver.java:548)
at org.openqa.selenium.remote.RemoteWebDriver.findElement(RemoteWebDriver.java:322)
at org.openqa.selenium.remote.RemoteWebDriver.findElementById(RemoteWebDriver.java:368)
at org.openqa.selenium.By$ById.findElement(By.java:188)
at org.openqa.selenium.remote.RemoteWebDriver.findElement(RemoteWebDriver.java:314)
at org.openqa.selenium.support.pagefactory.DefaultElementLocator.findElement(DefaultElementLocator.java:69)
at org.openqa.selenium.support.pagefactory.internal.LocatingElementHandler.invoke(LocatingElementHandler.java:38)
at jdk.proxy2/jdk.proxy2.$Proxy15.isDisplayed(Unknown Source)
at org.openqa.selenium.support.ui.ExpectedConditions.elementIfVisible(ExpectedConditions.java:315)
at org.openqa.selenium.support.ui.ExpectedConditions.access$100(ExpectedConditions.java:44)
at org.openqa.selenium.support.ui.ExpectedConditions$10.apply(ExpectedConditions.java:301)
at org.openqa.selenium.support.ui.ExpectedConditions$10.apply(ExpectedConditions.java:298)
at org.openqa.selenium.support.ui.FluentWait.until(FluentWait.java:260)
... 36 more
... Removed 36 stack frames]]>
    </failure>
  </testcase> <!-- @BeforeMethod login -->
  <testcase classname="Vtiger.VtigerTask_Script" name="@AfterMethod logout" time="-1.653393971354E9">
    <skipped/>
  </testcase> <!-- @AfterMethod logout -->
  <testcase classname="Vtiger.VtigerTask_Script" name="@BeforeMethod login" time="-1.653393971354E9">
    <skipped/>
  </testcase> <!-- @BeforeMethod login -->
  <testcase classname="Vtiger.VtigerTask_Script" name="@AfterMethod logout" time="-1.653393971363E9">
    <skipped/>
  </testcase> <!-- @AfterMethod logout -->
  <testcase classname="Vtiger.VtigerTask_Script" name="@AfterTest closeBrowser" time="-1.653393971365E9">
    <skipped/>
  </testcase> <!-- @AfterTest closeBrowser -->
  <testcase classname="DataProvider.Rediiff_DataProvider" name="rediffReg" time="6.226"/>
  <testcase classname="DataProvider.Rediiff_DataProvider" name="rediffReg" time="3.467"/>
  <testcase classname="DataProvider.Rediiff_DataProvider" name="rediffReg" time="3.289"/>
  <testcase classname="DataProvider.Rediiff_DataProvider" name="rediffReg" time="3.244"/>
  <testcase classname="DataProvider.Rediiff_DataProvider" name="rediffReg" time="3.094"/>
  <testcase classname="Vtiger.VtigerTask_Script" name="testCreateNewTask" time="4.579"/>
  <testcase classname="Vtiger.VtigerTask_Script" name="testNewTaskDeletion" time="0.0">
    <skipped/>
  </testcase> <!-- testNewTaskDeletion -->
  <testcase classname="Vtiger.VtigerTask_Script" name="testNewTaskUpdation" time="0.0">
    <skipped/>
  </testcase> <!-- testNewTaskUpdation -->
</testsuite> <!-- Test -->
