<?xml version="1.0" encoding="UTF-8"?>
<!-- Generated by org.testng.reporters.JUnitXMLReporter -->
<testsuite hostname="LAPTOP-53DNU0NV" failures="0" tests="5" name="Default test" time="18.562" errors="0" timestamp="21 May 2022 10:17:59 GMT">
  <testcase classname="DataProvider.Rediiff_DataProvider" name="rediffReg" time="3.531"/>
  <testcase classname="DataProvider.Rediiff_DataProvider" name="rediffReg" time="6.72"/>
  <testcase classname="DataProvider.Rediiff_DataProvider" name="rediffReg" time="2.788"/>
  <testcase classname="DataProvider.Rediiff_DataProvider" name="rediffReg" time="2.561"/>
  <testcase classname="DataProvider.Rediiff_DataProvider" name="rediffReg" time="2.58"/>
</testsuite> <!-- Default test -->
